<?xml version="1.0" encoding="UTF-8" ?>
<testsuite tests="1" failures="0" name="RegisterBrokerTest" time="0.001" errors="1" skipped="0">
  <properties>
    <property name="java.runtime.name" value="Java(TM) SE Runtime Environment"/>
    <property name="sun.boot.library.path" value="H:\mylib\Java\jdk1.8.0_144\jre\bin"/>
    <property name="java.vm.version" value="25.144-b01"/>
    <property name="java.vm.vendor" value="Oracle Corporation"/>
    <property name="java.vendor.url" value="http://java.oracle.com/"/>
    <property name="path.separator" value=";"/>
    <property name="java.vm.name" value="Java HotSpot(TM) 64-Bit Server VM"/>
    <property name="file.encoding.pkg" value="sun.io"/>
    <property name="user.script" value=""/>
    <property name="user.country" value="CN"/>
    <property name="sun.java.launcher" value="SUN_STANDARD"/>
    <property name="sun.os.patch.level" value=""/>
    <property name="java.vm.specification.name" value="Java Virtual Machine Specification"/>
    <property name="user.dir" value="H:\code\Intellij Idea\openapi\distributed-cloud\appcloud-distributed-controller"/>
    <property name="java.runtime.version" value="1.8.0_144-b01"/>
    <property name="java.awt.graphicsenv" value="sun.awt.Win32GraphicsEnvironment"/>
    <property name="basedir" value="H:\code\Intellij Idea\openapi\distributed-cloud\appcloud-distributed-controller"/>
    <property name="java.endorsed.dirs" value="H:\mylib\Java\jdk1.8.0_144\jre\lib\endorsed"/>
    <property name="os.arch" value="amd64"/>
    <property name="surefire.real.class.path" value="C:\Users\ADMINI~1\AppData\Local\Temp\surefirebooter2945621475942748498.jar"/>
    <property name="java.io.tmpdir" value="C:\Users\ADMINI~1\AppData\Local\Temp\"/>
    <property name="line.separator" value="
"/>
    <property name="java.vm.specification.vendor" value="Oracle Corporation"/>
    <property name="user.variant" value=""/>
    <property name="os.name" value="Windows 10"/>
    <property name="sun.jnu.encoding" value="GBK"/>
    <property name="java.library.path" value="H:\mylib\Java\jdk1.8.0_144\jre\bin;C:\WINDOWS\Sun\Java\bin;C:\WINDOWS\system32;C:\WINDOWS;C:\ProgramData\Oracle\Java\javapath;C:\windows\system32;C:\windows;C:\windows\System32\Wbem;C:\windows\System32\WindowsPowerShell\v1.0\;H:\software\Latex\CTEX\UserData\miktex\bin;H:\software\Latex\CTEX\MiKTeX\miktex\bin;H:\software\Latex\CTEX\CTeX\ctex\bin;H:\software\Latex\CTEX\CTeX\cct\bin;H:\software\Latex\CTEX\CTeX\ty\bin;H:\software\Latex\CTEX\Ghostscript\gs9.05\bin;H:\software\Latex\CTEX\GSview\gsview;H:\software\Latex\CTEX\WinEdt;C:\Program Files\TortoiseSVN\bin;C:\Program Files (x86)\NVIDIA Corporation\PhysX\Common;H:\software\gitReal\Git\cmd;C:\WINDOWS\system32;C:\WINDOWS;C:\WINDOWS\System32\Wbem;C:\WINDOWS\System32\WindowsPowerShell\v1.0\;C:\WINDOWS\System32\OpenSSH\;H:\software\apache-maven-3.6.1\bin;H:\mylib\Java\jdk1.8.0_144\bin;H:\mylib\Java\jdk1.8.0_144\jre\bin;;C:\Program Files\NVIDIA Corporation\NVIDIA NvDLISR;C:\Program Files\NVIDIA Corporation\NVIDIA NGX;C:\Users\Administrator\AppData\Local\Microsoft\WindowsApps;;."/>
    <property name="surefire.test.class.path" value="H:\code\Intellij Idea\openapi\distributed-cloud\appcloud-distributed-controller\target\test-classes;H:\code\Intellij Idea\openapi\distributed-cloud\appcloud-distributed-controller\target\classes;H:\code\Intellij Idea\openapi\distributed-cloud\netty-remoting\target\distributed-remoting.jar;C:\Users\Administrator\.m2\repository\io\netty\netty-all\4.0.36.Final\netty-all-4.0.36.Final.jar;C:\Users\Administrator\.m2\repository\org\slf4j\slf4j-log4j12\1.7.7\slf4j-log4j12-1.7.7.jar;C:\Users\Administrator\.m2\repository\org\slf4j\slf4j-api\1.7.7\slf4j-api-1.7.7.jar;C:\Users\Administrator\.m2\repository\log4j\log4j\1.2.17\log4j-1.2.17.jar;C:\Users\Administrator\.m2\repository\com\alibaba\fastjson\1.2.38\fastjson-1.2.38.jar;C:\Users\Administrator\.m2\repository\org\apache\commons\commons-lang3\3.4\commons-lang3-3.4.jar;C:\Users\Administrator\.m2\repository\org\apache\commons\commons-collections4\4.1\commons-collections4-4.1.jar;C:\Users\Administrator\.m2\repository\com\fasterxml\jackson\core\jackson-core\2.8.5\jackson-core-2.8.5.jar;C:\Users\Administrator\.m2\repository\com\fasterxml\jackson\core\jackson-databind\2.8.5\jackson-databind-2.8.5.jar;C:\Users\Administrator\.m2\repository\com\fasterxml\jackson\core\jackson-annotations\2.8.0\jackson-annotations-2.8.0.jar;C:\Users\Administrator\.m2\repository\org\msgpack\msgpack-core\0.8.14\msgpack-core-0.8.14.jar;C:\Users\Administrator\.m2\repository\com\google\code\gson\gson\2.8.1\gson-2.8.1.jar;C:\Users\Administrator\.m2\repository\org\apache\zookeeper\zookeeper\3.4.6\zookeeper-3.4.6.jar;C:\Users\Administrator\.m2\repository\jline\jline\0.9.94\jline-0.9.94.jar;C:\Users\Administrator\.m2\repository\junit\junit\4.11\junit-4.11.jar;C:\Users\Administrator\.m2\repository\io\netty\netty\3.7.0.Final\netty-3.7.0.Final.jar;H:\code\Intellij Idea\openapi\distributed-cloud\common\target\distributed-common.jar;C:\Users\Administrator\.m2\repository\commons-io\commons-io\2.4\commons-io-2.4.jar;C:\Users\Administrator\.m2\repository\com\jcraft\jsch\0.1.46\jsch-0.1.46.jar;C:\Users\Administrator\.m2\repository\appcloud\vm\fe\common\3.5.0-SNAPSHOT\common-3.5.0-SNAPSHOT.jar;C:\Users\Administrator\.m2\repository\com\free4lab\utils\free4lab-common-utils\1.0.20151224-SNAPSHOT\free4lab-common-utils-1.0.20151224-SNAPSHOT.jar;C:\Users\Administrator\.m2\repository\turbine\turbine\2.4-M1\turbine-2.4-M1.jar;C:\Users\Administrator\.m2\repository\commons-httpclient\commons-httpclient\3.1\commons-httpclient-3.1.jar;C:\Users\Administrator\.m2\repository\commons-logging\commons-logging\1.0.4\commons-logging-1.0.4.jar;C:\Users\Administrator\.m2\repository\commons-codec\commons-codec\1.2\commons-codec-1.2.jar;C:\Users\Administrator\.m2\repository\com\sun\jersey\jersey-json\1.19\jersey-json-1.19.jar;C:\Users\Administrator\.m2\repository\org\codehaus\jettison\jettison\1.1\jettison-1.1.jar;C:\Users\Administrator\.m2\repository\com\sun\xml\bind\jaxb-impl\2.2.3-1\jaxb-impl-2.2.3-1.jar;C:\Users\Administrator\.m2\repository\javax\xml\bind\jaxb-api\2.2.2\jaxb-api-2.2.2.jar;C:\Users\Administrator\.m2\repository\javax\xml\stream\stax-api\1.0-2\stax-api-1.0-2.jar;C:\Users\Administrator\.m2\repository\javax\activation\activation\1.1\activation-1.1.jar;C:\Users\Administrator\.m2\repository\org\codehaus\jackson\jackson-core-asl\1.9.2\jackson-core-asl-1.9.2.jar;C:\Users\Administrator\.m2\repository\org\codehaus\jackson\jackson-mapper-asl\1.9.2\jackson-mapper-asl-1.9.2.jar;C:\Users\Administrator\.m2\repository\org\codehaus\jackson\jackson-jaxrs\1.9.2\jackson-jaxrs-1.9.2.jar;C:\Users\Administrator\.m2\repository\org\codehaus\jackson\jackson-xc\1.9.2\jackson-xc-1.9.2.jar;C:\Users\Administrator\.m2\repository\com\sun\jersey\jersey-core\1.19\jersey-core-1.19.jar;C:\Users\Administrator\.m2\repository\javax\ws\rs\jsr311-api\1.1.1\jsr311-api-1.1.1.jar;C:\Users\Administrator\.m2\repository\com\sun\jersey\jersey-client\1.19\jersey-client-1.19.jar;C:\Users\Administrator\.m2\repository\com\sun\jersey\jersey-server\1.19\jersey-server-1.19.jar;C:\Users\Administrator\.m2\repository\javax\persistence\persistence-api\1.0\persistence-api-1.0.jar;C:\Users\Administrator\.m2\repository\org\hibernate\hibernate-entitymanager\3.2.1.ga\hibernate-entitymanager-3.2.1.ga.jar;C:\Users\Administrator\.m2\repository\org\hibernate\hibernate-annotations\3.2.1.ga\hibernate-annotations-3.2.1.ga.jar;C:\Users\Administrator\.m2\repository\org\hibernate\hibernate\3.2.1.ga\hibernate-3.2.1.ga.jar;C:\Users\Administrator\.m2\repository\net\sf\ehcache\ehcache\1.2.3\ehcache-1.2.3.jar;C:\Users\Administrator\.m2\repository\commons-collections\commons-collections\2.1.1\commons-collections-2.1.1.jar;C:\Users\Administrator\.m2\repository\asm\asm-attrs\1.5.3\asm-attrs-1.5.3.jar;C:\Users\Administrator\.m2\repository\dom4j\dom4j\1.6.1\dom4j-1.6.1.jar;C:\Users\Administrator\.m2\repository\antlr\antlr\2.7.6\antlr-2.7.6.jar;C:\Users\Administrator\.m2\repository\asm\asm\3.1\asm-3.1.jar;C:\Users\Administrator\.m2\repository\jboss\javassist\3.3.ga\javassist-3.3.ga.jar;C:\Users\Administrator\.m2\repository\jboss\jboss-archive-browsing\5.0.0alpha-200607201-119\jboss-archive-browsing-5.0.0alpha-200607201-119.jar;C:\Users\Administrator\.m2\repository\cglib\cglib-nodep\2.2\cglib-nodep-2.2.jar;C:\Users\Administrator\.m2\repository\geronimo-spec\geronimo-spec-jta\1.0.1B-rc4\geronimo-spec-jta-1.0.1B-rc4.jar;C:\Users\Administrator\.m2\repository\hsqldb\hsqldb\1.8.0.7\hsqldb-1.8.0.7.jar;C:\Users\Administrator\.m2\repository\mysql\mysql-connector-java\5.1.6\mysql-connector-java-5.1.6.jar;C:\Users\Administrator\.m2\repository\c3p0\c3p0\0.9.1.2\c3p0-0.9.1.2.jar;C:\Users\Administrator\.m2\repository\javax\annotation\jsr250-api\1.0\jsr250-api-1.0.jar;C:\Users\Administrator\.m2\repository\org\json\json\20090211\json-20090211.jar;C:\Users\Administrator\.m2\repository\org\apache\struts\struts2-core\2.3.28.1\struts2-core-2.3.28.1.jar;C:\Users\Administrator\.m2\repository\org\apache\struts\xwork\xwork-core\2.3.28.1\xwork-core-2.3.28.1.jar;C:\Users\Administrator\.m2\repository\ognl\ognl\3.0.14\ognl-3.0.14.jar;C:\Users\Administrator\.m2\repository\javassist\javassist\3.11.0.GA\javassist-3.11.0.GA.jar;C:\Users\Administrator\.m2\repository\asm\asm-commons\3.3\asm-commons-3.3.jar;C:\Users\Administrator\.m2\repository\asm\asm-tree\3.3\asm-tree-3.3.jar;C:\Users\Administrator\.m2\repository\org\freemarker\freemarker\2.3.22\freemarker-2.3.22.jar;C:\Users\Administrator\.m2\repository\commons-fileupload\commons-fileupload\1.3.1\commons-fileupload-1.3.1.jar;C:\Users\Administrator\.m2\repository\org\apache\struts\struts2-config-browser-plugin\2.3.28.1\struts2-config-browser-plugin-2.3.28.1.jar;C:\Users\Administrator\.m2\repository\org\apache\struts\struts2-dojo-plugin\2.3.28.1\struts2-dojo-plugin-2.3.28.1.jar;C:\Users\Administrator\.m2\repository\org\apache\struts\struts2-json-plugin\2.3.28.1\struts2-json-plugin-2.3.28.1.jar;C:\Users\Administrator\.m2\repository\org\springframework\spring\2.5.6\spring-2.5.6.jar;C:\Users\Administrator\.m2\repository\cglib\cglib\2.2\cglib-2.2.jar;C:\Users\Administrator\.m2\repository\com\free4lab\openapi\client\openapi-client\1.0.20151020-SNAPSHOT\openapi-client-1.0.20151020-SNAPSHOT.jar;C:\Users\Administrator\.m2\repository\yunhai-sdk-iaas\yunhai-sdk-iaas\0.0.1-SNAPSHOT\yunhai-sdk-iaas-0.0.1-SNAPSHOT.jar;C:\Users\Administrator\.m2\repository\yunhai-sdk-core\yunhai-sdk-core\0.0.1-SNAPSHOT\yunhai-sdk-core-0.0.1-SNAPSHOT.jar;C:\Users\Administrator\.m2\repository\com\free4lab\openapi\common\openapi-common\1.0.20151020-SNAPSHOT\openapi-common-1.0.20151020-SNAPSHOT.jar;C:\Users\Administrator\.m2\repository\com\aliyun\aliyun-java-sdk-core\2.3.7\aliyun-java-sdk-core-2.3.7.jar;C:\Users\Administrator\.m2\repository\com\aliyun\aliyun-java-sdk-ecs\2.1.0\aliyun-java-sdk-ecs-2.1.0.jar;C:\Users\Administrator\.m2\repository\org\hamcrest\hamcrest-core\1.3\hamcrest-core-1.3.jar;C:\Users\Administrator\.m2\repository\org\projectlombok\lombok\1.16.18\lombok-1.16.18.jar;"/>
    <property name="java.specification.name" value="Java Platform API Specification"/>
    <property name="java.class.version" value="52.0"/>
    <property name="sun.management.compiler" value="HotSpot 64-Bit Tiered Compilers"/>
    <property name="os.version" value="10.0"/>
    <property name="user.home" value="C:\Users\Administrator"/>
    <property name="user.timezone" value="Asia/Shanghai"/>
    <property name="java.awt.printerjob" value="sun.awt.windows.WPrinterJob"/>
    <property name="java.specification.version" value="1.8"/>
    <property name="file.encoding" value="GBK"/>
    <property name="user.name" value="Administrator"/>
    <property name="java.class.path" value="H:\code\Intellij Idea\openapi\distributed-cloud\appcloud-distributed-controller\target\test-classes;H:\code\Intellij Idea\openapi\distributed-cloud\appcloud-distributed-controller\target\classes;H:\code\Intellij Idea\openapi\distributed-cloud\netty-remoting\target\distributed-remoting.jar;C:\Users\Administrator\.m2\repository\io\netty\netty-all\4.0.36.Final\netty-all-4.0.36.Final.jar;C:\Users\Administrator\.m2\repository\org\slf4j\slf4j-log4j12\1.7.7\slf4j-log4j12-1.7.7.jar;C:\Users\Administrator\.m2\repository\org\slf4j\slf4j-api\1.7.7\slf4j-api-1.7.7.jar;C:\Users\Administrator\.m2\repository\log4j\log4j\1.2.17\log4j-1.2.17.jar;C:\Users\Administrator\.m2\repository\com\alibaba\fastjson\1.2.38\fastjson-1.2.38.jar;C:\Users\Administrator\.m2\repository\org\apache\commons\commons-lang3\3.4\commons-lang3-3.4.jar;C:\Users\Administrator\.m2\repository\org\apache\commons\commons-collections4\4.1\commons-collections4-4.1.jar;C:\Users\Administrator\.m2\repository\com\fasterxml\jackson\core\jackson-core\2.8.5\jackson-core-2.8.5.jar;C:\Users\Administrator\.m2\repository\com\fasterxml\jackson\core\jackson-databind\2.8.5\jackson-databind-2.8.5.jar;C:\Users\Administrator\.m2\repository\com\fasterxml\jackson\core\jackson-annotations\2.8.0\jackson-annotations-2.8.0.jar;C:\Users\Administrator\.m2\repository\org\msgpack\msgpack-core\0.8.14\msgpack-core-0.8.14.jar;C:\Users\Administrator\.m2\repository\com\google\code\gson\gson\2.8.1\gson-2.8.1.jar;C:\Users\Administrator\.m2\repository\org\apache\zookeeper\zookeeper\3.4.6\zookeeper-3.4.6.jar;C:\Users\Administrator\.m2\repository\jline\jline\0.9.94\jline-0.9.94.jar;C:\Users\Administrator\.m2\repository\junit\junit\4.11\junit-4.11.jar;C:\Users\Administrator\.m2\repository\io\netty\netty\3.7.0.Final\netty-3.7.0.Final.jar;H:\code\Intellij Idea\openapi\distributed-cloud\common\target\distributed-common.jar;C:\Users\Administrator\.m2\repository\commons-io\commons-io\2.4\commons-io-2.4.jar;C:\Users\Administrator\.m2\repository\com\jcraft\jsch\0.1.46\jsch-0.1.46.jar;C:\Users\Administrator\.m2\repository\appcloud\vm\fe\common\3.5.0-SNAPSHOT\common-3.5.0-SNAPSHOT.jar;C:\Users\Administrator\.m2\repository\com\free4lab\utils\free4lab-common-utils\1.0.20151224-SNAPSHOT\free4lab-common-utils-1.0.20151224-SNAPSHOT.jar;C:\Users\Administrator\.m2\repository\turbine\turbine\2.4-M1\turbine-2.4-M1.jar;C:\Users\Administrator\.m2\repository\commons-httpclient\commons-httpclient\3.1\commons-httpclient-3.1.jar;C:\Users\Administrator\.m2\repository\commons-logging\commons-logging\1.0.4\commons-logging-1.0.4.jar;C:\Users\Administrator\.m2\repository\commons-codec\commons-codec\1.2\commons-codec-1.2.jar;C:\Users\Administrator\.m2\repository\com\sun\jersey\jersey-json\1.19\jersey-json-1.19.jar;C:\Users\Administrator\.m2\repository\org\codehaus\jettison\jettison\1.1\jettison-1.1.jar;C:\Users\Administrator\.m2\repository\com\sun\xml\bind\jaxb-impl\2.2.3-1\jaxb-impl-2.2.3-1.jar;C:\Users\Administrator\.m2\repository\javax\xml\bind\jaxb-api\2.2.2\jaxb-api-2.2.2.jar;C:\Users\Administrator\.m2\repository\javax\xml\stream\stax-api\1.0-2\stax-api-1.0-2.jar;C:\Users\Administrator\.m2\repository\javax\activation\activation\1.1\activation-1.1.jar;C:\Users\Administrator\.m2\repository\org\codehaus\jackson\jackson-core-asl\1.9.2\jackson-core-asl-1.9.2.jar;C:\Users\Administrator\.m2\repository\org\codehaus\jackson\jackson-mapper-asl\1.9.2\jackson-mapper-asl-1.9.2.jar;C:\Users\Administrator\.m2\repository\org\codehaus\jackson\jackson-jaxrs\1.9.2\jackson-jaxrs-1.9.2.jar;C:\Users\Administrator\.m2\repository\org\codehaus\jackson\jackson-xc\1.9.2\jackson-xc-1.9.2.jar;C:\Users\Administrator\.m2\repository\com\sun\jersey\jersey-core\1.19\jersey-core-1.19.jar;C:\Users\Administrator\.m2\repository\javax\ws\rs\jsr311-api\1.1.1\jsr311-api-1.1.1.jar;C:\Users\Administrator\.m2\repository\com\sun\jersey\jersey-client\1.19\jersey-client-1.19.jar;C:\Users\Administrator\.m2\repository\com\sun\jersey\jersey-server\1.19\jersey-server-1.19.jar;C:\Users\Administrator\.m2\repository\javax\persistence\persistence-api\1.0\persistence-api-1.0.jar;C:\Users\Administrator\.m2\repository\org\hibernate\hibernate-entitymanager\3.2.1.ga\hibernate-entitymanager-3.2.1.ga.jar;C:\Users\Administrator\.m2\repository\org\hibernate\hibernate-annotations\3.2.1.ga\hibernate-annotations-3.2.1.ga.jar;C:\Users\Administrator\.m2\repository\org\hibernate\hibernate\3.2.1.ga\hibernate-3.2.1.ga.jar;C:\Users\Administrator\.m2\repository\net\sf\ehcache\ehcache\1.2.3\ehcache-1.2.3.jar;C:\Users\Administrator\.m2\repository\commons-collections\commons-collections\2.1.1\commons-collections-2.1.1.jar;C:\Users\Administrator\.m2\repository\asm\asm-attrs\1.5.3\asm-attrs-1.5.3.jar;C:\Users\Administrator\.m2\repository\dom4j\dom4j\1.6.1\dom4j-1.6.1.jar;C:\Users\Administrator\.m2\repository\antlr\antlr\2.7.6\antlr-2.7.6.jar;C:\Users\Administrator\.m2\repository\asm\asm\3.1\asm-3.1.jar;C:\Users\Administrator\.m2\repository\jboss\javassist\3.3.ga\javassist-3.3.ga.jar;C:\Users\Administrator\.m2\repository\jboss\jboss-archive-browsing\5.0.0alpha-200607201-119\jboss-archive-browsing-5.0.0alpha-200607201-119.jar;C:\Users\Administrator\.m2\repository\cglib\cglib-nodep\2.2\cglib-nodep-2.2.jar;C:\Users\Administrator\.m2\repository\geronimo-spec\geronimo-spec-jta\1.0.1B-rc4\geronimo-spec-jta-1.0.1B-rc4.jar;C:\Users\Administrator\.m2\repository\hsqldb\hsqldb\1.8.0.7\hsqldb-1.8.0.7.jar;C:\Users\Administrator\.m2\repository\mysql\mysql-connector-java\5.1.6\mysql-connector-java-5.1.6.jar;C:\Users\Administrator\.m2\repository\c3p0\c3p0\0.9.1.2\c3p0-0.9.1.2.jar;C:\Users\Administrator\.m2\repository\javax\annotation\jsr250-api\1.0\jsr250-api-1.0.jar;C:\Users\Administrator\.m2\repository\org\json\json\20090211\json-20090211.jar;C:\Users\Administrator\.m2\repository\org\apache\struts\struts2-core\2.3.28.1\struts2-core-2.3.28.1.jar;C:\Users\Administrator\.m2\repository\org\apache\struts\xwork\xwork-core\2.3.28.1\xwork-core-2.3.28.1.jar;C:\Users\Administrator\.m2\repository\ognl\ognl\3.0.14\ognl-3.0.14.jar;C:\Users\Administrator\.m2\repository\javassist\javassist\3.11.0.GA\javassist-3.11.0.GA.jar;C:\Users\Administrator\.m2\repository\asm\asm-commons\3.3\asm-commons-3.3.jar;C:\Users\Administrator\.m2\repository\asm\asm-tree\3.3\asm-tree-3.3.jar;C:\Users\Administrator\.m2\repository\org\freemarker\freemarker\2.3.22\freemarker-2.3.22.jar;C:\Users\Administrator\.m2\repository\commons-fileupload\commons-fileupload\1.3.1\commons-fileupload-1.3.1.jar;C:\Users\Administrator\.m2\repository\org\apache\struts\struts2-config-browser-plugin\2.3.28.1\struts2-config-browser-plugin-2.3.28.1.jar;C:\Users\Administrator\.m2\repository\org\apache\struts\struts2-dojo-plugin\2.3.28.1\struts2-dojo-plugin-2.3.28.1.jar;C:\Users\Administrator\.m2\repository\org\apache\struts\struts2-json-plugin\2.3.28.1\struts2-json-plugin-2.3.28.1.jar;C:\Users\Administrator\.m2\repository\org\springframework\spring\2.5.6\spring-2.5.6.jar;C:\Users\Administrator\.m2\repository\cglib\cglib\2.2\cglib-2.2.jar;C:\Users\Administrator\.m2\repository\com\free4lab\openapi\client\openapi-client\1.0.20151020-SNAPSHOT\openapi-client-1.0.20151020-SNAPSHOT.jar;C:\Users\Administrator\.m2\repository\yunhai-sdk-iaas\yunhai-sdk-iaas\0.0.1-SNAPSHOT\yunhai-sdk-iaas-0.0.1-SNAPSHOT.jar;C:\Users\Administrator\.m2\repository\yunhai-sdk-core\yunhai-sdk-core\0.0.1-SNAPSHOT\yunhai-sdk-core-0.0.1-SNAPSHOT.jar;C:\Users\Administrator\.m2\repository\com\free4lab\openapi\common\openapi-common\1.0.20151020-SNAPSHOT\openapi-common-1.0.20151020-SNAPSHOT.jar;C:\Users\Administrator\.m2\repository\com\aliyun\aliyun-java-sdk-core\2.3.7\aliyun-java-sdk-core-2.3.7.jar;C:\Users\Administrator\.m2\repository\com\aliyun\aliyun-java-sdk-ecs\2.1.0\aliyun-java-sdk-ecs-2.1.0.jar;C:\Users\Administrator\.m2\repository\org\hamcrest\hamcrest-core\1.3\hamcrest-core-1.3.jar;C:\Users\Administrator\.m2\repository\org\projectlombok\lombok\1.16.18\lombok-1.16.18.jar;"/>
    <property name="java.vm.specification.version" value="1.8"/>
    <property name="sun.arch.data.model" value="64"/>
    <property name="java.home" value="H:\mylib\Java\jdk1.8.0_144\jre"/>
    <property name="sun.java.command" value="C:\Users\ADMINI~1\AppData\Local\Temp\surefirebooter2945621475942748498.jar C:\Users\ADMINI~1\AppData\Local\Temp\surefire3872513333178888922tmp C:\Users\ADMINI~1\AppData\Local\Temp\surefire6663291345451294763tmp"/>
    <property name="java.specification.vendor" value="Oracle Corporation"/>
    <property name="user.language" value="zh"/>
    <property name="awt.toolkit" value="sun.awt.windows.WToolkit"/>
    <property name="java.vm.info" value="mixed mode"/>
    <property name="java.version" value="1.8.0_144"/>
    <property name="java.ext.dirs" value="H:\mylib\Java\jdk1.8.0_144\jre\lib\ext;C:\WINDOWS\Sun\Java\lib\ext"/>
    <property name="sun.boot.class.path" value="H:\mylib\Java\jdk1.8.0_144\jre\lib\resources.jar;H:\mylib\Java\jdk1.8.0_144\jre\lib\rt.jar;H:\mylib\Java\jdk1.8.0_144\jre\lib\sunrsasign.jar;H:\mylib\Java\jdk1.8.0_144\jre\lib\jsse.jar;H:\mylib\Java\jdk1.8.0_144\jre\lib\jce.jar;H:\mylib\Java\jdk1.8.0_144\jre\lib\charsets.jar;H:\mylib\Java\jdk1.8.0_144\jre\lib\jfr.jar;H:\mylib\Java\jdk1.8.0_144\jre\classes"/>
    <property name="java.vendor" value="Oracle Corporation"/>
    <property name="localRepository" value="C:\Users\Administrator\.m2\repository"/>
    <property name="file.separator" value="\"/>
    <property name="java.vendor.url.bug" value="http://bugreport.sun.com/bugreport/"/>
    <property name="sun.cpu.endian" value="little"/>
    <property name="sun.io.unicode.encoding" value="UnicodeLittle"/>
    <property name="sun.desktop" value="windows"/>
    <property name="sun.cpu.isalist" value="amd64"/>
  </properties>
  <testcase classname="RegisterBrokerTest" name="initializationError" time="0">
    <error message="No runnable methods" type="java.lang.Exception">java.lang.Exception: No runnable methods
	at org.junit.runners.BlockJUnit4ClassRunner.validateInstanceMethods(BlockJUnit4ClassRunner.java:169)
	at org.junit.runners.BlockJUnit4ClassRunner.collectInitializationErrors(BlockJUnit4ClassRunner.java:104)
	at org.junit.runners.ParentRunner.validate(ParentRunner.java:355)
	at org.junit.runners.ParentRunner.&lt;init&gt;(ParentRunner.java:76)
	at org.junit.runners.BlockJUnit4ClassRunner.&lt;init&gt;(BlockJUnit4ClassRunner.java:57)
	at org.junit.internal.builders.JUnit4Builder.runnerForClass(JUnit4Builder.java:10)
	at org.junit.runners.model.RunnerBuilder.safeRunnerForClass(RunnerBuilder.java:59)
	at org.junit.internal.builders.AllDefaultPossibilitiesBuilder.runnerForClass(AllDefaultPossibilitiesBuilder.java:26)
	at org.junit.runners.model.RunnerBuilder.safeRunnerForClass(RunnerBuilder.java:59)
	at org.junit.internal.requests.ClassRequest.getRunner(ClassRequest.java:26)
	at org.apache.maven.surefire.junit4.JUnit4TestSet.&lt;init&gt;(JUnit4TestSet.java:45)
	at org.apache.maven.surefire.junit4.JUnit4DirectoryTestSuite.createTestSet(JUnit4DirectoryTestSuite.java:56)
	at org.apache.maven.surefire.suite.AbstractDirectoryTestSuite.locateTestSets(AbstractDirectoryTestSuite.java:96)
	at org.apache.maven.surefire.Surefire.createSuiteFromDefinition(Surefire.java:209)
	at org.apache.maven.surefire.Surefire.run(Surefire.java:156)
	at sun.reflect.NativeMethodAccessorImpl.invoke0(Native Method)
	at sun.reflect.NativeMethodAccessorImpl.invoke(NativeMethodAccessorImpl.java:62)
	at sun.reflect.DelegatingMethodAccessorImpl.invoke(DelegatingMethodAccessorImpl.java:43)
	at java.lang.reflect.Method.invoke(Method.java:498)
	at org.apache.maven.surefire.booter.SurefireBooter.runSuitesInProcess(SurefireBooter.java:345)
	at org.apache.maven.surefire.booter.SurefireBooter.main(SurefireBooter.java:1009)
</error>
  </testcase>
</testsuite>